1552381285956	mozrunner::runner	INFO	Running command: "d:\\Program Files\\Mozilla Firefox\\firefox.exe" "-marionette" "-foreground" "-no-remote" "-profile" "C:\\Users\\Fisker\\AppData\\Local\\Temp\\rust_mozprofile.JsPFFMy7oicx"
1552381286236	addons.webextension.screenshots@mozilla.org	WARN	Loading extension 'screenshots@mozilla.org': Reading manifest: Invalid host permission: resource://pdf.js/
1552381286236	addons.webextension.screenshots@mozilla.org	WARN	Loading extension 'screenshots@mozilla.org': Reading manifest: Invalid host permission: about:reader*
1552381287401	Marionette	INFO	Listening on port 50767
1552381287576	Marionette	WARN	TLS certificate errors will be ignored for this session
1552381287954	Marionette	INFO	Stopped listening on port 50767
[Child 12436, Chrome_ChildThread] WARNING: pipe error: 109: file z:/build/build/src/ipc/chromium/src/chrome/common/ipc_channel_win.cc, line 332
[Child 12436, Chrome_Ch[Parent 7320, Gecko_IOThread] WARNING: pipe error: 109: file z:/build/build/src/ipc/chromium/src/chrome/common/ipc_channel_win.cc, line 332
[Child 13556, Chrome_ChildThread] WARNING: pipe error: 109: file z:/build/build/src/ipc/chromium/src/chrome/common/ipc_channel_win.cc, line 332
[Child 13556, ChromeJavaScript error: resource://gre/modules/Sqlite.jsm, line 841: Error: Connection is not open.

###!!! [Child][RunMessage] Error: Channel closing: too late to send/recv, messages will be lost

[GPU 8172, Chr
###!!! [Child][MessageChannel::SendAndWait] Error: Channel error: cannot send/recv



1552381366605	mozrunner::runner	INFO	Running command: "d:\\Program Files\\Mozilla Firefox\\firefox.exe" "-marionette" "-foreground" "-no-remote" "-profile" "C:\\Users\\Fisker\\AppData\\Local\\Temp\\rust_mozprofile.OafM7BgD8IeF"
1552381366893	addons.webextension.screenshots@mozilla.org	WARN	Loading extension 'screenshots@mozilla.org': Reading manifest: Invalid host permission: resource://pdf.js/
1552381366893	addons.webextension.screenshots@mozilla.org	WARN	Loading extension 'screenshots@mozilla.org': Reading manifest: Invalid host permission: about:reader*
1552381368101	Marionette	INFO	Listening on port 51086
1552381368222	Marionette	WARN	TLS certificate errors will be ignored for this session
1552381368621	Marionette	INFO	Stopped listening on port 51086
[Child 6808, Chrome_ChildThread] WARNING: pipe error: 109: file z:/build/build/src/ipc/chromium/src/chrome/common/ipc_channel_win.cc, line 332
[ChildJavaScript error: resource://gre/modules/Sqlite.jsm, line 841: Error: Connection is not open.

###!!! [Child][RunMessage] Error: Channel closing: too late to send/recv, messages will be lost


###!!! [Child][MessageChannel::SendAndWait] Error: Channel error: cannot send/recv

1552381433018	mozrunner::runner	INFO	Running command: "d:\\Program Files\\Mozilla Firefox\\firefox.exe" "-marionette" "-foreground" "-no-remote" "-profile" "C:\\Users\\Fisker\\AppData\\Local\\Temp\\rust_mozprofile.jFdI29GVvLtH"
1552381433311	addons.webextension.screenshots@mozilla.org	WARN	Loading extension 'screenshots@mozilla.org': Reading manifest: Invalid host permission: resource://pdf.js/
1552381433311	addons.webextension.screenshots@mozilla.org	WARN	Loading extension 'screenshots@mozilla.org': Reading manifest: Invalid host permission: about:reader*
1552381434546	Marionette	INFO	Listening on port 51472
1552381434630	Marionette	WARN	TLS certificate errors will be ignored for this session
1552381434770	Marionette	INFO	Stopped listening on port 51472
JavaScript error: resource://activity-stream/lib/ActivityStreamPrefs.jsm, line 23: NS_ERROR_ILLEGAL_VALUE: Component returned failure code: 0x80070057 (NS_ERROR_ILLEGAL_VALUE) [nsIPrefBranch.removeObserver]
[Child 11584, Chrome_ChildThread] WARNING: pipe error: 109: file z:/build/build/src/ipc/chromium/src/chrome/common/ipc_channel_win.cc, line 332
[Child 9628, Chrome_ChildThread] WARNING: pipe error: 109: file z:/build/build/src/ipc/chromium/src/chrome/common/ipc_channel_win.cc, line 332
[Child 9628, Chrome[Child 14060, Chrome_ChildThread] WARNING: pipe error: 109: file z:/build/build/src/ipc/chromium/src/chrome/common/ipc_channel_win.cc, line 332
[Child 14060, Chrconsole.error: (new Error("Connection closed before committing the transaction.", "resource://gre/modules/Sqlite.jsm", 632))
JavaScript error: resource://gre/modules/Sqlite.jsm, line 841: Error: Connection is not open.
JavaScript error: resource://gre/modules/IndexedDB.jsm, line 349: UnknownError: The operation failed for reasons unrelated to the database itself and not covered by any other error code.

###!!! [Child][RunMessage] Error: Channel closing: too late to send/recv, messages will be lost

[GPU 2212, Ch
###!!! [Child][MessageChannel::SendAndWait] Error: Channel error: cannot send/recv

1552382243359	mozrunner::runner	INFO	Running command: "d:\\Program Files\\Mozilla Firefox\\firefox.exe" "-marionette" "-foreground" "-no-remote" "-profile" "C:\\Users\\Fisker\\AppData\\Local\\Temp\\rust_mozprofile.VxBd8TxcVWcZ"
1552382243663	addons.webextension.screenshots@mozilla.org	WARN	Loading extension 'screenshots@mozilla.org': Reading manifest: Invalid host permission: resource://pdf.js/
1552382243664	addons.webextension.screenshots@mozilla.org	WARN	Loading extension 'screenshots@mozilla.org': Reading manifest: Invalid host permission: about:reader*
1552382244852	Marionette	INFO	Listening on port 56082
1552382244974	Marionette	WARN	TLS certificate errors will be ignored for this session
[Child 1220, Chrome_ChildThread] WARNING: pipe error: 109: file z:/build/build/src/ipc/chromium/src/chrome/common/ipc_channel_win.cc, line 332
[Child 1220, Chrome_ChildThread] WARNING: pipe error: 10[Child 13328, Chrome_ChildThread] WARNING: pipe error: 109: file z:/build/build/src/ipc/chromium/src/chrome/common/ipc_channel_win.cc, line 332
[Child 13328, [Parent 7560, Gecko_IOThread] WARNING: pipe error: 109: file z:/build/build/src/ipc/chromium/src/chrome/common/ipc_channel_win.cc, line 332
[Child 6480, Chrome_ChildThread] WARNING: pipe error: 109: file z:/build/build/src/ipc/chromium/src/chrome/common/ipc_channel_win.cc, line 332
[Child 64801552382268495	Marionette	INFO	Stopped listening on port 56082

###!!! [Child][RunMessage] Error: Channel closing: too late to send/recv, messages will be lost

[GPU 13848, C
###!!! [Child][MessageChannel::SendAndWait] Error: Channel error: cannot send/recv

1552382638266	mozrunner::runner	INFO	Running command: "d:\\Program Files\\Mozilla Firefox\\firefox.exe" "-marionette" "-foreground" "-no-remote" "-profile" "C:\\Users\\Fisker\\AppData\\Local\\Temp\\rust_mozprofile.KbOhwJYx12jG"
1552382638592	addons.webextension.screenshots@mozilla.org	WARN	Loading extension 'screenshots@mozilla.org': Reading manifest: Invalid host permission: resource://pdf.js/
1552382638592	addons.webextension.screenshots@mozilla.org	WARN	Loading extension 'screenshots@mozilla.org': Reading manifest: Invalid host permission: about:reader*
1552382639695	Marionette	INFO	Listening on port 58016
1552382639880	Marionette	WARN	TLS certificate errors will be ignored for this session
console.error: BroadcastService: 
  receivedBroadcastMessage: handler for
  remote-settings/monitor_changes
  threw error:
  Message: Error: Polling for changes failed: NetworkError when attempting to fetch resource..
  Stack:
    remoteSettingsFunction/remoteSettings.pollChanges@resource://services-settings/remote-settings.js:188:13

[Child 3936, Chrome_ChildThread] WARNING: pipe error: 109: file z:/build/build/src/ipc/chromium/src/chrome/common/ipc_channel_win.cc, line 332
[Child 3936, Chrom[Child 12012, Chrome_ChildThread] WARNING: pipe error: 109: file z:/build/build/src/ipc/chromium/src/chrome/common/ipc_channel_win.cc, line 332
[Child 12012, Chrome_ChildThread] WAR[Parent 10408, Gecko_IOThread] WARNING: pipe error: 109: file z:/build/build/src/ipc/chromium/src/chrome/common/ipc_channel_win.cc, line 332
[Child 13984, Chrome_ChildThread] WARNING: pipe error: 109: file z:/build/build/src/ipc/chromium/src/chrome/common/ipc_channel_win.cc, line 332
[Child 13984, Chrome_ChildThread] 1552383198693	Marionette	INFO	Stopped listening on port 58016

###!!! [Child][RunMessage] Error: Channel closing: too late to send/recv, messages will be lost

[GPU 7896, 
###!!! [Child][MessageChannel::SendAndWait] Error: Channel error: cannot send/recv

 other error code.
1552382695113	Marionette	INFO	Stopped listening on port 58298

###!!! [Child][RunMessage] Error: Channel closing: too late to send/recv, messages will be lost

[GPU 9132, Chr
###!!! [Child][MessageChannel::SendAndWait] Error: Channel error: cannot send/recv

1558406138961	mozrunner::runner	INFO	Running command: "d:\\Program Files\\Mozilla Firefox\\firefox.exe" "-marionette" "-foreground" "-no-remote" "-profile" "C:\\Users\\Fisker\\AppData\\Local\\Temp\\rust_mozprofile.8gGobx56VQ0y"
1558406140605	addons.webextension.screenshots@mozilla.org	WARN	Loading extension 'screenshots@mozilla.org': Reading manifest: Invalid extension permission: mozillaAddons
1558406140605	addons.webextension.screenshots@mozilla.org	WARN	Loading extension 'screenshots@mozilla.org': Reading manifest: Invalid extension permission: resource://pdf.js/
1558406140605	addons.webextension.screenshots@mozilla.org	WARN	Loading extension 'screenshots@mozilla.org': Reading manifest: Invalid extension permission: about:reader*
1558406142289	Marionette	INFO	Listening on port 60847
1558406142343	Marionette	WARN	TLS certificate errors will be ignored for this session
[Parent 7052, Gecko_IOThread] WARNING: pipe error: 109: file z:/build/build/src/ipc/chromium/src/chrome/common/ipc_channel_win.cc, line 332
[Child 8924, Chrome_ChildThread] WARNING: pipe error: 109: file z:/build/build/src/ipc/chromium/src/chrome/common/ipc_channel_win.cc, line 332
[Child 8924, Chrome_ChildThread] WARNING: pipe error: 109: file z:/build/build/src/ipc/chromium/src/chrome/common/ipc_channel_win.cc, line 332
[Parent 7052, Gecko_IOThread] WARNING: pipe error: 109: file z:/build/build/src/ipc/chromium/src/chrome/common/ipc_channel_win.cc, line 332
[Child 13976, Chrome_ChildThread] WARNING: pipe error: 109: file z:/build/build/src/ipc/chromium/src/chrome/common/ipc_channel_win.cc, line 332
[Child 13976, Chrome_ChildThread] WARNING1558406200639	Marionette	INFO	Stopped listening on port 60847

###!!! [Child][RunMessage] Error: Channel closing: too late to send/recv, messages will be lost

[GPU 7668, Chr
###!!! [Child][MessageChannel::SendAndWait] Error: Channel error: cannot send/recv

1558406226354	mozrunner::runner	INFO	Running command: "d:\\Program Files\\Mozilla Firefox\\firefox.exe" "-marionette" "--start-maximized" "-foreground" "-no-remote" "-profile" "C:\\Users\\Fisker\\AppData\\Local\\Temp\\rust_mozprofile.xxU4fkWHetnk"
1558406226706	addons.webextension.screenshots@mozilla.org	WARN	Loading extension 'screenshots@mozilla.org': Reading manifest: Invalid extension permission: mozillaAddons
1558406226706	addons.webextension.screenshots@mozilla.org	WARN	Loading extension 'screenshots@mozilla.org': Reading manifest: Invalid extension permission: resource://pdf.js/
1558406226706	addons.webextension.screenshots@mozilla.org	WARN	Loading extension 'screenshots@mozilla.org': Reading manifest: Invalid extension permission: about:reader*
1558406227846	Marionette	INFO	Listening on port 60903
1558406227987	Marionette	WARN	TLS certificate errors will be ignored for this session
JavaScript error: resource://gre/modules/IndexedDB.jsm, line 349: UnknownError: The operation failed for reasons unrelated to the database itself and not covered by any other error code.
JavaScript error: resource://gre/modules/Sqlite.jsm, line 834: Error: Connection is not open.
1558406229185	Marionette	INFO	Stopped listening on port 60903

###!!! [Child][RunMessage] Error: Channel closing: too late to send/recv, messages will be lost

[GPU 3312, 
###!!! [Child][MessageChannel::SendAndWait] Error: Channel error: cannot send/recv

1558406236654	mozrunner::runner	INFO	Running command: "d:\\Program Files\\Mozilla Firefox\\firefox.exe" "-marionette" "--start-maximized" "-foreground" "-no-remote" "-profile" "C:\\Users\\Fisker\\AppData\\Local\\Temp\\rust_mozprofile.ehkL7TrvXM9T"
1558406236985	addons.webextension.screenshots@mozilla.org	WARN	Loading extension 'screenshots@mozilla.org': Reading manifest: Invalid extension permission: mozillaAddons
1558406236985	addons.webextension.screenshots@mozilla.org	WARN	Loading extension 'screenshots@mozilla.org': Reading manifest: Invalid extension permission: resource://pdf.js/
1558406236985	addons.webextension.screenshots@mozilla.org	WARN	Loading extension 'screenshots@mozilla.org': Reading manifest: Invalid extension permission: about:reader*
1558406238105	Marionette	INFO	Listening on port 60942
1558406238266	Marionette	WARN	TLS certificate errors will be ignored for this session
[Child 488, Chrome_ChildThread] WARNING: pipe error: 109: file z:/build/build/src/ipc/chromium/src/chrome/common/ipc_channel_win.cc, line 332
[Child 488, Chrome_ChildThread] WARNING: pipe error: 109: file z:/build/build/JavaScript error: resource://gre/modules/Sqlite.jsm, line 834: Error: Connection is not open.
1558406240475	Marionette	INFO	Stopped listening on port 60942

###!!! [Child][RunMessage] Error: Channel closing: too late to send/recv, messages will be lost

[GPU 12316, C
###!!! [Child][MessageChannel::SendAndWait] Error: Channel error: cannot send/recv

